[08/22/2022 22:22:33] Debug: Session id: 6c956ff4-c616-4704-b3c4-966c206a2c04
[08/22/2022 22:22:33] Debug: Code Processor information: Name :SnowConvert, Version: 7.11.92.0
[08/22/2022 22:22:34] Debug: Getting license
[08/22/2022 22:22:34] Debug: License information
	Status: Failed
	Message: No active license available.
[08/22/2022 22:22:34] Info: Starting to validate parameters
[08/22/2022 22:22:34] Info: Parameters to validate: 
	Execution mode: Conversion
	LICENSE_KEY: a3372138-b87e-4a08-b929-3b48b24c63f1
[08/22/2022 22:22:34] Info: Validation of parameters: Success
[08/22/2022 22:22:34] Debug: Getting code descriptor
[08/22/2022 22:22:34] Debug: Code descriptor information
	Units: 51
	Units type: LOC
	All file bytes: 2141
	All found extensions: .sql,.dml,.ddl,.bteq,.btq,.fl,.fload,.ml,.mload,.mld,.tp,.tpump,.tpt
[08/22/2022 22:22:34] Debug: Calculating fingerprint
[08/22/2022 22:22:34] Debug: Fingerprint information Fingerprint(size=2141,projects=1)
[08/22/2022 22:22:34] Info: Starting to try to validate online license for execution
[08/22/2022 22:22:36] Debug: Getting license
[08/22/2022 22:22:36] Debug: License information
	Status: Failed
	Message: No active license available.
[08/22/2022 22:22:36] Debug: Starting the execution of the controller
[08/22/2022 22:22:37] Debug: Executing the worker: SnowConvert
[08/22/2022 22:22:49] Debug: Finished executing the worker: SnowConvert
[08/22/2022 22:22:51] Info: Controller execution ended
